<?xml version="1.0" encoding="UTF-8"?>
<!-- Generated by org.testng.reporters.JUnitXMLReporter -->
<testsuite ignored="3" hostname="DESKTOP-UTK4RG0" failures="0" tests="2" name="REgressionTest" time="0.129" errors="0" timestamp="2022-09-28T01:36:15 IST">
  <testcase classname="Test_testNG.Test_4" name="m2" time="0.025"/>
  <testcase classname="Test_testNG.Test_4" name="m4" time="0.004"/>
  <testcase classname="Test_testNG.Test_4" name="m5" time="0.0">
    <ignored/>
  </testcase> <!-- m5 -->
  <testcase classname="Test_testNG.Test_4" name="m1" time="0.0">
    <ignored/>
  </testcase> <!-- m1 -->
  <testcase classname="Test_testNG.Test_4" name="m3" time="0.0">
    <ignored/>
  </testcase> <!-- m3 -->
</testsuite> <!-- REgressionTest -->
