<?xml version="1.0" encoding="UTF-8"?>
<!-- Generated by org.testng.reporters.JUnitXMLReporter -->
<testsuite ignored="1" hostname="DESKTOP-UTK4RG0" failures="1" tests="12" name="DemoTest" time="33.562" errors="0" timestamp="2022-09-28T01:07:41 IST">
  <testcase classname="Test_testNG.Test_Keywords" name="test_A" time="0.01"/>
  <testcase classname="Test_testNG.Test_Keywords" name="test_A" time="0.003"/>
  <testcase classname="Test_testNG.Test_Keywords" name="test_c" time="0.008">
    <failure type="java.lang.AssertionError" message="expected [true] but found [false]">
      <![CDATA[java.lang.AssertionError: expected [true] but found [false]
at Test_testNG.Test_Keywords.test_c(Test_Keywords.java:22)
at java.base/java.util.ArrayList.forEach(ArrayList.java:1511)
... Removed 29 stack frames]]>
    </failure>
  </testcase> <!-- test_c -->
  <testcase classname="Test_testNG.Test_Keywords" name="test_B" time="0.0">
    <skipped/>
  </testcase> <!-- test_B -->
  <testcase classname="Test_testNG.Test1" name="verify_page1" time="0.193"/>
  <testcase classname="Test_testNG.Test1" name="verify_page2" time="0.175"/>
  <testcase classname="Test_testNG.Test1" name="verify_page3" time="0.154"/>
  <testcase classname="Test_testNG.Test1" name="verify_page4" time="0.156"/>
  <testcase classname="Test_testNG.Browser_Opening" name="Test001" time="0.002"/>
  <testcase classname="Test_testNG.testng_demo" name="Test1" time="0.001"/>
  <testcase classname="Test_testNG.testng_demo" name="Test2" time="0.002"/>
  <testcase classname="Test_testNG.testng_demo" name="Test3" time="0.001"/>
  <testcase classname="Test_testNG.Test_Keywords" name="test_D" time="0.0">
    <ignored/>
  </testcase> <!-- test_D -->
</testsuite> <!-- DemoTest -->
