<?xml version="1.0" encoding="UTF-8"?>
<!-- Generated by org.testng.reporters.JUnitXMLReporter -->
<testsuite ignored="1" hostname="DESKTOP-UTK4RG0" failures="0" tests="2" name="TestChrome" time="13.549" errors="0" timestamp="2022-09-28T18:43:20 IST">
  <testcase classname="Test_testNG.CrossBrowser" name="test1" time="0.031"/>
  <testcase classname="Test_testNG.Test_5" name="a2" time="0.002"/>
  <testcase classname="Test_testNG.Test_5" name="a1" time="0.0">
    <ignored/>
  </testcase> <!-- a1 -->
</testsuite> <!-- TestChrome -->
