<?xml version="1.0" encoding="UTF-8"?>
<testng-results ignored="0" total="1" passed="1" failed="0" skipped="0">
  <reporter-output>
  </reporter-output>
  <suite started-at="2022-10-03T01:47:56 IST" name="Default suite" finished-at="2022-10-03T01:48:35 IST" duration-ms="39645">
    <groups>
    </groups>
    <test started-at="2022-10-03T01:47:56 IST" name="Default test" finished-at="2022-10-03T01:48:35 IST" duration-ms="39645">
      <class name="Test_testNG.Amazon">
        <test-method signature="TAsk()[pri:0, instance:Test_testNG.Amazon@3835c46]" started-at="2022-10-03T01:47:56 IST" name="TAsk" finished-at="2022-10-03T01:48:35 IST" duration-ms="39565" status="PASS">
          <reporter-output>
          </reporter-output>
        </test-method> <!-- TAsk -->
      </class> <!-- Test_testNG.Amazon -->
    </test> <!-- Default test -->
  </suite> <!-- Default suite -->
</testng-results>
