<?xml version="1.0" encoding="UTF-8"?>
<!-- Generated by org.testng.reporters.JUnitXMLReporter -->
<testsuite ignored="2" hostname="DESKTOP-UTK4RG0" failures="0" tests="3" name="SanityTest" time="0.169" errors="0" timestamp="2022-09-28T01:25:01 IST">
  <testcase classname="Test_testNG.Test_4" name="m1" time="0.034"/>
  <testcase classname="Test_testNG.Test_4" name="m3" time="0.005"/>
  <testcase classname="Test_testNG.Test_4" name="m5" time="0.007"/>
  <testcase classname="Test_testNG.Test_4" name="m2" time="0.0">
    <ignored/>
  </testcase> <!-- m2 -->
  <testcase classname="Test_testNG.Test_4" name="m4" time="0.0">
    <ignored/>
  </testcase> <!-- m4 -->
</testsuite> <!-- SanityTest -->
